This is pdfTeX, Version 3.141592653-2.6-1.40.22 (TeX Live 2021) (preloaded format=pdflatex 2023.3.9)  24 APR 2023 11:31
entering extended mode
 restricted \write18 enabled.
 %&-line parsing enabled.
**report.tex
(./report.tex
LaTeX2e <2020-10-01> patch level 4
L3 programming layer <2021-05-07>
(/usr/share/texlive/texmf-dist/tex/latex/base/article.cls
Document Class: article 2020/04/10 v1.4m Standard LaTeX document class
(/usr/share/texlive/texmf-dist/tex/latex/base/fleqn.clo
File: fleqn.clo 2016/12/29 v1.2b Standard LaTeX option (flush left equations)
\mathindent=\skip47
Applying: [2015/01/01] Make \[ robust on input line 50.
LaTeX Info: Redefining \[ on input line 51.
Already applied: [0000/00/00] Make \[ robust on input line 62.
Applying: [2015/01/01] Make \] robust on input line 74.
LaTeX Info: Redefining \] on input line 75.
Already applied: [0000/00/00] Make \] robust on input line 83.
)
(/usr/share/texlive/texmf-dist/tex/latex/base/size12.clo
File: size12.clo 2020/04/10 v1.4m Standard LaTeX file (size option)
)
\c@part=\count179
\c@section=\count180
\c@subsection=\count181
\c@subsubsection=\count182
\c@paragraph=\count183
\c@subparagraph=\count184
\c@figure=\count185
\c@table=\count186
\abovecaptionskip=\skip48
\belowcaptionskip=\skip49
\bibindent=\dimen138
)
(./styles/log-style.sty
(/usr/share/texlive/texmf-dist/tex/latex/base/inputenc.sty
Package: inputenc 2020/08/01 v1.3d Input encoding file
\inpenc@prehook=\toks15
\inpenc@posthook=\toks16
)
(/usr/share/texlive/texmf-dist/tex/latex/base/fontenc.sty
Package: fontenc 2020/08/10 v2.0s Standard LaTeX package

(/usr/share/texlive/texmf-dist/tex/latex/cyrillic/t2benc.def
File: t2benc.def 2005/09/27 v1.0i Cyrillic encoding definition file
Now handling font encoding T2B ...
... processing UTF-8 mapping file for font encoding T2B

(/usr/share/texlive/texmf-dist/tex/latex/base/t2benc.dfu
File: t2benc.dfu 2019/11/14 v1.2k UTF-8 support for inputenc
   defining Unicode char U+00A4 (decimal 164)
   defining Unicode char U+00A7 (decimal 167)
   defining Unicode char U+00AB (decimal 171)
   defining Unicode char U+00BB (decimal 187)
   defining Unicode char U+0131 (decimal 305)
   defining Unicode char U+0237 (decimal 567)
   defining Unicode char U+0400 (decimal 1024)
   defining Unicode char U+0401 (decimal 1025)
   defining Unicode char U+0403 (decimal 1027)
   defining Unicode char U+0405 (decimal 1029)
   defining Unicode char U+0406 (decimal 1030)
   defining Unicode char U+0408 (decimal 1032)
   defining Unicode char U+0409 (decimal 1033)
   defining Unicode char U+040A (decimal 1034)
   defining Unicode char U+040C (decimal 1036)
   defining Unicode char U+040D (decimal 1037)
   defining Unicode char U+040E (decimal 1038)
   defining Unicode char U+0410 (decimal 1040)
   defining Unicode char U+0411 (decimal 1041)
   defining Unicode char U+0412 (decimal 1042)
   defining Unicode char U+0413 (decimal 1043)
   defining Unicode char U+0414 (decimal 1044)
   defining Unicode char U+0415 (decimal 1045)
   defining Unicode char U+0416 (decimal 1046)
   defining Unicode char U+0417 (decimal 1047)
   defining Unicode char U+0418 (decimal 1048)
   defining Unicode char U+0419 (decimal 1049)
   defining Unicode char U+041A (decimal 1050)
   defining Unicode char U+041B (decimal 1051)
   defining Unicode char U+041C (decimal 1052)
   defining Unicode char U+041D (decimal 1053)
   defining Unicode char U+041E (decimal 1054)
   defining Unicode char U+041F (decimal 1055)
   defining Unicode char U+0420 (decimal 1056)
   defining Unicode char U+0421 (decimal 1057)
   defining Unicode char U+0422 (decimal 1058)
   defining Unicode char U+0423 (decimal 1059)
   defining Unicode char U+0424 (decimal 1060)
   defining Unicode char U+0425 (decimal 1061)
   defining Unicode char U+0426 (decimal 1062)
   defining Unicode char U+0427 (decimal 1063)
   defining Unicode char U+0428 (decimal 1064)
   defining Unicode char U+0429 (decimal 1065)
   defining Unicode char U+042A (decimal 1066)
   defining Unicode char U+042B (decimal 1067)
   defining Unicode char U+042C (decimal 1068)
   defining Unicode char U+042D (decimal 1069)
   defining Unicode char U+042E (decimal 1070)
   defining Unicode char U+042F (decimal 1071)
   defining Unicode char U+0430 (decimal 1072)
   defining Unicode char U+0431 (decimal 1073)
   defining Unicode char U+0432 (decimal 1074)
   defining Unicode char U+0433 (decimal 1075)
   defining Unicode char U+0434 (decimal 1076)
   defining Unicode char U+0435 (decimal 1077)
   defining Unicode char U+0436 (decimal 1078)
   defining Unicode char U+0437 (decimal 1079)
   defining Unicode char U+0438 (decimal 1080)
   defining Unicode char U+0439 (decimal 1081)
   defining Unicode char U+043A (decimal 1082)
   defining Unicode char U+043B (decimal 1083)
   defining Unicode char U+043C (decimal 1084)
   defining Unicode char U+043D (decimal 1085)
   defining Unicode char U+043E (decimal 1086)
   defining Unicode char U+043F (decimal 1087)
   defining Unicode char U+0440 (decimal 1088)
   defining Unicode char U+0441 (decimal 1089)
   defining Unicode char U+0442 (decimal 1090)
   defining Unicode char U+0443 (decimal 1091)
   defining Unicode char U+0444 (decimal 1092)
   defining Unicode char U+0445 (decimal 1093)
   defining Unicode char U+0446 (decimal 1094)
   defining Unicode char U+0447 (decimal 1095)
   defining Unicode char U+0448 (decimal 1096)
   defining Unicode char U+0449 (decimal 1097)
   defining Unicode char U+044A (decimal 1098)
   defining Unicode char U+044B (decimal 1099)
   defining Unicode char U+044C (decimal 1100)
   defining Unicode char U+044D (decimal 1101)
   defining Unicode char U+044E (decimal 1102)
   defining Unicode char U+044F (decimal 1103)
   defining Unicode char U+0450 (decimal 1104)
   defining Unicode char U+0451 (decimal 1105)
   defining Unicode char U+0453 (decimal 1107)
   defining Unicode char U+0455 (decimal 1109)
   defining Unicode char U+0456 (decimal 1110)
   defining Unicode char U+0458 (decimal 1112)
   defining Unicode char U+0459 (decimal 1113)
   defining Unicode char U+045A (decimal 1114)
   defining Unicode char U+045C (decimal 1116)
   defining Unicode char U+045D (decimal 1117)
   defining Unicode char U+045E (decimal 1118)
   defining Unicode char U+0492 (decimal 1170)
   defining Unicode char U+0493 (decimal 1171)
   defining Unicode char U+0494 (decimal 1172)
   defining Unicode char U+0495 (decimal 1173)
   defining Unicode char U+0496 (decimal 1174)
   defining Unicode char U+0497 (decimal 1175)
   defining Unicode char U+049A (decimal 1178)
   defining Unicode char U+049B (decimal 1179)
   defining Unicode char U+04A2 (decimal 1186)
   defining Unicode char U+04A3 (decimal 1187)
   defining Unicode char U+04A4 (decimal 1188)
   defining Unicode char U+04A5 (decimal 1189)
   defining Unicode char U+04AE (decimal 1198)
   defining Unicode char U+04AF (decimal 1199)
   defining Unicode char U+04B2 (decimal 1202)
   defining Unicode char U+04B3 (decimal 1203)
   defining Unicode char U+04B6 (decimal 1206)
   defining Unicode char U+04B7 (decimal 1207)
   defining Unicode char U+04BA (decimal 1210)
   defining Unicode char U+04BB (decimal 1211)
   defining Unicode char U+04C0 (decimal 1216)
   defining Unicode char U+04C1 (decimal 1217)
   defining Unicode char U+04C2 (decimal 1218)
   defining Unicode char U+04C3 (decimal 1219)
   defining Unicode char U+04C4 (decimal 1220)
   defining Unicode char U+04C5 (decimal 1221)
   defining Unicode char U+04C6 (decimal 1222)
   defining Unicode char U+04C7 (decimal 1223)
   defining Unicode char U+04C8 (decimal 1224)
   defining Unicode char U+04CB (decimal 1227)
   defining Unicode char U+04CC (decimal 1228)
   defining Unicode char U+04D0 (decimal 1232)
   defining Unicode char U+04D1 (decimal 1233)
   defining Unicode char U+04D2 (decimal 1234)
   defining Unicode char U+04D3 (decimal 1235)
   defining Unicode char U+04D6 (decimal 1238)
   defining Unicode char U+04D7 (decimal 1239)
   defining Unicode char U+04D8 (decimal 1240)
   defining Unicode char U+04D9 (decimal 1241)
   defining Unicode char U+04DA (decimal 1242)
   defining Unicode char U+04DB (decimal 1243)
   defining Unicode char U+04DC (decimal 1244)
   defining Unicode char U+04DD (decimal 1245)
   defining Unicode char U+04DE (decimal 1246)
   defining Unicode char U+04DF (decimal 1247)
   defining Unicode char U+04E0 (decimal 1248)
   defining Unicode char U+04E1 (decimal 1249)
   defining Unicode char U+04E2 (decimal 1250)
   defining Unicode char U+04E3 (decimal 1251)
   defining Unicode char U+04E4 (decimal 1252)
   defining Unicode char U+04E5 (decimal 1253)
   defining Unicode char U+04E6 (decimal 1254)
   defining Unicode char U+04E7 (decimal 1255)
   defining Unicode char U+04E8 (decimal 1256)
   defining Unicode char U+04E9 (decimal 1257)
   defining Unicode char U+04EC (decimal 1260)
   defining Unicode char U+04ED (decimal 1261)
   defining Unicode char U+04EE (decimal 1262)
   defining Unicode char U+04EF (decimal 1263)
   defining Unicode char U+04F0 (decimal 1264)
   defining Unicode char U+04F1 (decimal 1265)
   defining Unicode char U+04F2 (decimal 1266)
   defining Unicode char U+04F3 (decimal 1267)
   defining Unicode char U+04F4 (decimal 1268)
   defining Unicode char U+04F5 (decimal 1269)
   defining Unicode char U+04F6 (decimal 1270)
   defining Unicode char U+04F7 (decimal 1271)
   defining Unicode char U+04F8 (decimal 1272)
   defining Unicode char U+04F9 (decimal 1273)
   defining Unicode char U+04FA (decimal 1274)
   defining Unicode char U+04FB (decimal 1275)
   defining Unicode char U+04FC (decimal 1276)
   defining Unicode char U+04FD (decimal 1277)
   defining Unicode char U+04FE (decimal 1278)
   defining Unicode char U+04FF (decimal 1279)
   defining Unicode char U+200C (decimal 8204)
   defining Unicode char U+2013 (decimal 8211)
   defining Unicode char U+2014 (decimal 8212)
   defining Unicode char U+2018 (decimal 8216)
   defining Unicode char U+2019 (decimal 8217)
   defining Unicode char U+201C (decimal 8220)
   defining Unicode char U+201D (decimal 8221)
   defining Unicode char U+201E (decimal 8222)
   defining Unicode char U+2030 (decimal 8240)
   defining Unicode char U+2031 (decimal 8241)
   defining Unicode char U+2116 (decimal 8470)
   defining Unicode char U+2329 (decimal 9001)
   defining Unicode char U+232A (decimal 9002)
   defining Unicode char U+2423 (decimal 9251)
   defining Unicode char U+27E8 (decimal 10216)
   defining Unicode char U+27E9 (decimal 10217)
   defining Unicode char U+FB00 (decimal 64256)
   defining Unicode char U+FB01 (decimal 64257)
   defining Unicode char U+FB02 (decimal 64258)
   defining Unicode char U+FB03 (decimal 64259)
   defining Unicode char U+FB04 (decimal 64260)
   defining Unicode char U+FB05 (decimal 64261)
   defining Unicode char U+FB06 (decimal 64262)
))
LaTeX Font Info:    Trying to load font information for T2B+cmr on input line 1
12.

(/usr/share/texlive/texmf-dist/tex/latex/cyrillic/t2bcmr.fd
File: t2bcmr.fd 2001/08/11 v1.0a Computer Modern Cyrillic font definitions
))
(/usr/share/texlive/texmf-dist/tex/generic/babel/babel.sty
Package: babel 2021/04/26 3.58 The Babel package

(/usr/share/texlive/texmf-dist/tex/generic/babel/babel.def
File: babel.def 2021/04/26 3.58 Babel common definitions
\babel@savecnt=\count187
\U@D=\dimen139
\l@unhyphenated=\language3

(/usr/share/texlive/texmf-dist/tex/generic/babel/txtbabel.def)
\bbl@readstream=\read2
)
\bbl@dirlevel=\count188

(/usr/share/texlive/texmf-dist/tex/generic/babel-english/english.ldf
Language: english 2017/06/06 v3.3r English support from the babel system
Package babel Info: Hyphen rules for 'british' set to \l@english
(babel)             (\language0). Reported on input line 82.
Package babel Info: Hyphen rules for 'UKenglish' set to \l@english
(babel)             (\language0). Reported on input line 83.
Package babel Info: Hyphen rules for 'canadian' set to \l@english
(babel)             (\language0). Reported on input line 102.
Package babel Info: Hyphen rules for 'australian' set to \l@english
(babel)             (\language0). Reported on input line 105.
Package babel Info: Hyphen rules for 'newzealand' set to \l@english
(babel)             (\language0). Reported on input line 108.
)
(/usr/share/texlive/texmf-dist/tex/generic/babel-russian/russianb.ldf
File: russianb.ldf 2021/01/10 1.3m Russian support for the Babel system
Language: russian 2020/09/09 1.3k Russian support for the Babel system


Package babel Warning: No hyphenation patterns were preloaded for
(babel)                the language `Russian' into the format.
(babel)                Please, configure your TeX system to add them and
(babel)                rebuild the format. Now I will use the patterns
(babel)                preloaded for \language=0 instead on input line 32.

Package babel Info: Hyphen rules for 'russian' set to \l@english
(babel)             (\language0). Reported on input line 33.
Package babel Info: Making " an active character on input line 124.
Package babel Info: Default for \cyrdash is provided on input line 163.
)) (/usr/share/texlive/texmf-dist/tex/latex/amsmath/amsmath.sty
Package: amsmath 2020/09/23 v2.17i AMS math features
\@mathmargin=\skip50

For additional information on amsmath, use the `?' option.
(/usr/share/texlive/texmf-dist/tex/latex/amsmath/amstext.sty
Package: amstext 2000/06/29 v2.01 AMS text

(/usr/share/texlive/texmf-dist/tex/latex/amsmath/amsgen.sty
File: amsgen.sty 1999/11/30 v2.0 generic functions
\@emptytoks=\toks17
\ex@=\dimen140
))
(/usr/share/texlive/texmf-dist/tex/latex/amsmath/amsbsy.sty
Package: amsbsy 1999/11/29 v1.2d Bold Symbols
\pmbraise@=\dimen141
)
(/usr/share/texlive/texmf-dist/tex/latex/amsmath/amsopn.sty
Package: amsopn 2016/03/08 v2.02 operator names
)
\inf@bad=\count189
LaTeX Info: Redefining \frac on input line 234.
\uproot@=\count190
\leftroot@=\count191
LaTeX Info: Redefining \overline on input line 399.
\classnum@=\count192
\DOTSCASE@=\count193
LaTeX Info: Redefining \ldots on input line 496.
LaTeX Info: Redefining \dots on input line 499.
LaTeX Info: Redefining \cdots on input line 620.
\Mathstrutbox@=\box47
\strutbox@=\box48
\big@size=\dimen142
LaTeX Font Info:    Redeclaring font encoding OML on input line 743.
LaTeX Font Info:    Redeclaring font encoding OMS on input line 744.
\macc@depth=\count194
\c@MaxMatrixCols=\count195
\dotsspace@=\muskip16
\c@parentequation=\count196
\dspbrk@lvl=\count197
\tag@help=\toks18
\row@=\count198
\column@=\count199
\maxfields@=\count266
\andhelp@=\toks19
\eqnshift@=\dimen143
\alignsep@=\dimen144
\tagshift@=\dimen145
\tagwidth@=\dimen146
\totwidth@=\dimen147
\lineht@=\dimen148
\@envbody=\toks20
\multlinegap=\skip51
\multlinetaggap=\skip52
\mathdisplay@stack=\toks21
LaTeX Info: Redefining \[ on input line 2923.
LaTeX Info: Redefining \] on input line 2924.
)
(/usr/share/texlive/texmf-dist/tex/latex/amsfonts/amssymb.sty
Package: amssymb 2013/01/14 v3.01 AMS font symbols

(/usr/share/texlive/texmf-dist/tex/latex/amsfonts/amsfonts.sty
Package: amsfonts 2013/01/14 v3.01 Basic AMSFonts support
\symAMSa=\mathgroup4
\symAMSb=\mathgroup5
LaTeX Font Info:    Redeclaring math symbol \hbar on input line 98.
LaTeX Font Info:    Overwriting math alphabet `\mathfrak' in version `bold'
(Font)                  U/euf/m/n --> U/euf/b/n on input line 106.
))
(/usr/share/texlive/texmf-dist/tex/latex/hyperref/hyperref.sty
Package: hyperref 2021-02-27 v7.00k Hypertext links for LaTeX

(/usr/share/texlive/texmf-dist/tex/generic/ltxcmds/ltxcmds.sty
Package: ltxcmds 2020-05-10 v1.25 LaTeX kernel commands for general use (HO)
)
(/usr/share/texlive/texmf-dist/tex/generic/iftex/iftex.sty
Package: iftex 2020/03/06 v1.0d TeX engine tests
)
(/usr/share/texlive/texmf-dist/tex/generic/pdftexcmds/pdftexcmds.sty
Package: pdftexcmds 2020-06-27 v0.33 Utility functions of pdfTeX for LuaTeX (HO
)

(/usr/share/texlive/texmf-dist/tex/generic/infwarerr/infwarerr.sty
Package: infwarerr 2019/12/03 v1.5 Providing info/warning/error messages (HO)
)
Package pdftexcmds Info: \pdf@primitive is available.
Package pdftexcmds Info: \pdf@ifprimitive is available.
Package pdftexcmds Info: \pdfdraftmode found.
)
(/usr/share/texlive/texmf-dist/tex/latex/graphics/keyval.sty
Package: keyval 2014/10/28 v1.15 key=value parser (DPC)
\KV@toks@=\toks22
)
(/usr/share/texlive/texmf-dist/tex/generic/kvsetkeys/kvsetkeys.sty
Package: kvsetkeys 2019/12/15 v1.18 Key value parser (HO)
)
(/usr/share/texlive/texmf-dist/tex/generic/kvdefinekeys/kvdefinekeys.sty
Package: kvdefinekeys 2019-12-19 v1.6 Define keys (HO)
)
(/usr/share/texlive/texmf-dist/tex/generic/pdfescape/pdfescape.sty
Package: pdfescape 2019/12/09 v1.15 Implements pdfTeX's escape features (HO)
)
(/usr/share/texlive/texmf-dist/tex/latex/hycolor/hycolor.sty
Package: hycolor 2020-01-27 v1.10 Color options for hyperref/bookmark (HO)
)
(/usr/share/texlive/texmf-dist/tex/latex/letltxmacro/letltxmacro.sty
Package: letltxmacro 2019/12/03 v1.6 Let assignment for LaTeX macros (HO)
)
(/usr/share/texlive/texmf-dist/tex/latex/auxhook/auxhook.sty
Package: auxhook 2019-12-17 v1.6 Hooks for auxiliary files (HO)
)
(/usr/share/texlive/texmf-dist/tex/latex/kvoptions/kvoptions.sty
Package: kvoptions 2020-10-07 v3.14 Key value format for package options (HO)
)
\@linkdim=\dimen149
\Hy@linkcounter=\count267
\Hy@pagecounter=\count268

(/usr/share/texlive/texmf-dist/tex/latex/hyperref/pd1enc.def
File: pd1enc.def 2021-02-27 v7.00k Hyperref: PDFDocEncoding definition (HO)
Now handling font encoding PD1 ...
... no UTF-8 mapping file for font encoding PD1
)
(/usr/share/texlive/texmf-dist/tex/latex/hyperref/hyperref-langpatches.def
File: hyperref-langpatches.def 2021-02-27 v7.00k Hyperref: patches for babel la
nguages
)
(/usr/share/texlive/texmf-dist/tex/generic/intcalc/intcalc.sty
Package: intcalc 2019/12/15 v1.3 Expandable calculations with integers (HO)
)
(/usr/share/texlive/texmf-dist/tex/generic/etexcmds/etexcmds.sty
Package: etexcmds 2019/12/15 v1.7 Avoid name clashes with e-TeX commands (HO)
)
\Hy@SavedSpaceFactor=\count269

(/usr/share/texlive/texmf-dist/tex/latex/hyperref/puenc.def
File: puenc.def 2021-02-27 v7.00k Hyperref: PDF Unicode definition (HO)
Now handling font encoding PU ...
... no UTF-8 mapping file for font encoding PU
)
Package hyperref Info: Option `unicode' set `true' on input line 3167.
Package hyperref Info: Option `unicode' set `true' on input line 4073.
Package hyperref Info: Hyper figures OFF on input line 4192.
Package hyperref Info: Link nesting OFF on input line 4197.
Package hyperref Info: Hyper index ON on input line 4200.
Package hyperref Info: Plain pages OFF on input line 4207.
Package hyperref Info: Backreferencing OFF on input line 4212.
Package hyperref Info: Implicit mode ON; LaTeX internals redefined.
Package hyperref Info: Bookmarks ON on input line 4445.
\c@Hy@tempcnt=\count270

(/usr/share/texlive/texmf-dist/tex/latex/url/url.sty
\Urlmuskip=\muskip17
Package: url 2013/09/16  ver 3.4  Verb mode for urls, etc.
)
LaTeX Info: Redefining \url on input line 4804.
\XeTeXLinkMargin=\dimen150

(/usr/share/texlive/texmf-dist/tex/generic/bitset/bitset.sty
Package: bitset 2019/12/09 v1.3 Handle bit-vector datatype (HO)

(/usr/share/texlive/texmf-dist/tex/generic/bigintcalc/bigintcalc.sty
Package: bigintcalc 2019/12/15 v1.5 Expandable calculations on big integers (HO
)
))
\Fld@menulength=\count271
\Field@Width=\dimen151
\Fld@charsize=\dimen152
Package hyperref Info: Hyper figures OFF on input line 6075.
Package hyperref Info: Link nesting OFF on input line 6080.
Package hyperref Info: Hyper index ON on input line 6083.
Package hyperref Info: backreferencing OFF on input line 6090.
Package hyperref Info: Link coloring OFF on input line 6095.
Package hyperref Info: Link coloring with OCG OFF on input line 6100.
Package hyperref Info: PDF/A mode OFF on input line 6105.
LaTeX Info: Redefining \ref on input line 6145.
LaTeX Info: Redefining \pageref on input line 6149.

(/usr/share/texlive/texmf-dist/tex/latex/base/atbegshi-ltx.sty
Package: atbegshi-ltx 2020/08/17 v1.0a Emulation of the original atbegshi packa
ge
with kernel methods
)
\Hy@abspage=\count272
\c@Item=\count273
\c@Hfootnote=\count274
)
Package hyperref Info: Driver (autodetected): hpdftex.

(/usr/share/texlive/texmf-dist/tex/latex/hyperref/hpdftex.def
File: hpdftex.def 2021-02-27 v7.00k Hyperref driver for pdfTeX

(/usr/share/texlive/texmf-dist/tex/latex/base/atveryend-ltx.sty
Package: atveryend-ltx 2020/08/19 v1.0a Emulation of the original atvery packag
e
with kernel methods
)
\Fld@listcount=\count275
\c@bookmark@seq@number=\count276

(/usr/share/texlive/texmf-dist/tex/latex/rerunfilecheck/rerunfilecheck.sty
Package: rerunfilecheck 2019/12/05 v1.9 Rerun checks for auxiliary files (HO)

(/usr/share/texlive/texmf-dist/tex/generic/uniquecounter/uniquecounter.sty
Package: uniquecounter 2019/12/15 v1.4 Provide unlimited unique counter (HO)
)
Package uniquecounter Info: New unique counter `rerunfilecheck' on input line 2
86.
)
\Hy@SectionHShift=\skip53
)
(/usr/share/texlive/texmf-dist/tex/latex/tools/longtable.sty
Package: longtable 2020/01/07 v4.13 Multi-page Table package (DPC)
\LTleft=\skip54
\LTright=\skip55
\LTpre=\skip56
\LTpost=\skip57
\LTchunksize=\count277
\LTcapwidth=\dimen153
\LT@head=\box49
\LT@firsthead=\box50
\LT@foot=\box51
\LT@lastfoot=\box52
\LT@cols=\count278
\LT@rows=\count279
\c@LT@tables=\count280
\c@LT@chunks=\count281
\LT@p@ftn=\toks23
)
(/usr/share/texlive/texmf-dist/tex/latex/xcolor/xcolor.sty
Package: xcolor 2016/05/11 v2.12 LaTeX color extensions (UK)

(/usr/share/texlive/texmf-dist/tex/latex/graphics-cfg/color.cfg
File: color.cfg 2016/01/02 v1.6 sample color configuration
)
Package xcolor Info: Driver file: pdftex.def on input line 225.

(/usr/share/texlive/texmf-dist/tex/latex/graphics-def/pdftex.def
File: pdftex.def 2020/10/05 v1.2a Graphics/color driver for pdftex
)
(/usr/share/texlive/texmf-dist/tex/latex/colortbl/colortbl.sty
Package: colortbl 2020/01/04 v1.0e Color table columns (DPC)

(/usr/share/texlive/texmf-dist/tex/latex/tools/array.sty
Package: array 2020/10/01 v2.5c Tabular extension package (FMi)
\col@sep=\dimen154
\ar@mcellbox=\box53
\extrarowheight=\dimen155
\NC@list=\toks24
\extratabsurround=\skip58
\backup@length=\skip59
\ar@cellbox=\box54
)
\everycr=\toks25
\minrowclearance=\skip60
)
\rownum=\count282
Package xcolor Info: Model `cmy' substituted by `cmy0' on input line 1348.
Package xcolor Info: Model `hsb' substituted by `rgb' on input line 1352.
Package xcolor Info: Model `RGB' extended on input line 1364.
Package xcolor Info: Model `HTML' substituted by `rgb' on input line 1366.
Package xcolor Info: Model `Hsb' substituted by `hsb' on input line 1367.
Package xcolor Info: Model `tHsb' substituted by `hsb' on input line 1368.
Package xcolor Info: Model `HSB' substituted by `hsb' on input line 1369.
Package xcolor Info: Model `Gray' substituted by `gray' on input line 1370.
Package xcolor Info: Model `wave' substituted by `hsb' on input line 1371.
)
(/usr/share/texlive/texmf-dist/tex/latex/listings/listings.sty
\lst@mode=\count283
\lst@gtempboxa=\box55
\lst@token=\toks26
\lst@length=\count284
\lst@currlwidth=\dimen156
\lst@column=\count285
\lst@pos=\count286
\lst@lostspace=\dimen157
\lst@width=\dimen158
\lst@newlines=\count287
\lst@lineno=\count288
\lst@maxwidth=\dimen159

(/usr/share/texlive/texmf-dist/tex/latex/listings/lstmisc.sty
File: lstmisc.sty 2020/03/24 1.8d (Carsten Heinz)
\c@lstnumber=\count289
\lst@skipnumbers=\count290
\lst@framebox=\box56
)
(/usr/share/texlive/texmf-dist/tex/latex/listings/listings.cfg
File: listings.cfg 2020/03/24 1.8d listings configuration
))
Package: listings 2020/03/24 1.8d (Carsten Heinz)

(/usr/share/texlive/texmf-dist/tex/latex/base/alltt.sty
Package: alltt 1997/06/16 v2.0g defines alltt environment
)
(/usr/share/texlive/texmf-dist/tex/latex/csquotes/csquotes.sty
Package: csquotes 2021-02-22 v5.2l context-sensitive quotations (JAW)

(/usr/share/texlive/texmf-dist/tex/latex/etoolbox/etoolbox.sty
Package: etoolbox 2020/10/05 v2.5k e-TeX tools for LaTeX (JAW)
\etb@tempcnta=\count291
)
\csq@reset=\count292
\csq@gtype=\count293
\csq@glevel=\count294
\csq@qlevel=\count295
\csq@maxlvl=\count296
\csq@tshold=\count297
\csq@ltx@everypar=\toks27

(/usr/share/texlive/texmf-dist/tex/latex/csquotes/csquotes.def
File: csquotes.def 2021-02-22 v5.2l csquotes generic definitions (JAW)
)
Package csquotes Info: Trying to load configuration file 'csquotes.cfg'...
Package csquotes Info: ... configuration file loaded successfully.

(/usr/share/texlive/texmf-dist/tex/latex/csquotes/csquotes.cfg
File: csquotes.cfg 
))
Package csquotes Info: Redefining quotation style 'russian'.
Package csquotes Info: Disabling multilingual quotes.
Package csquotes Info: Redefining alias 'default' -> 'russian'.

(/usr/share/texlive/texmf-dist/tex/latex/graphics/graphicx.sty
Package: graphicx 2020/09/09 v1.2b Enhanced LaTeX Graphics (DPC,SPQR)

(/usr/share/texlive/texmf-dist/tex/latex/graphics/graphics.sty
Package: graphics 2020/08/30 v1.4c Standard LaTeX Graphics (DPC,SPQR)

(/usr/share/texlive/texmf-dist/tex/latex/graphics/trig.sty
Package: trig 2016/01/03 v1.10 sin cos tan (DPC)
)
(/usr/share/texlive/texmf-dist/tex/latex/graphics-cfg/graphics.cfg
File: graphics.cfg 2016/06/04 v1.11 sample graphics configuration
)
Package graphics Info: Driver file: pdftex.def on input line 105.
)
\Gin@req@height=\dimen160
\Gin@req@width=\dimen161
)
(/usr/share/texlive/texmf-dist/tex/latex/listings/lstlang1.sty
File: lstlang1.sty 2020/03/24 1.8d listings language file
)
(/usr/share/texlive/texmf-dist/tex/latex/listings/lstmisc.sty
File: lstmisc.sty 2020/03/24 1.8d (Carsten Heinz)
))
(/usr/share/texlive/texmf-dist/tex/latex/l3backend/l3backend-pdftex.def
File: l3backend-pdftex.def 2021-05-07 L3 backend support: PDF output (pdfTeX)
\l__color_backend_stack_int=\count298
\l__pdf_internal_box=\box57
)

LaTeX Warning: Unused global option(s):
    [pdf].

(./report.aux)
\openout1 = `report.aux'.

LaTeX Font Info:    Checking defaults for OML/cmm/m/it on input line 30.
LaTeX Font Info:    ... okay on input line 30.
LaTeX Font Info:    Checking defaults for OMS/cmsy/m/n on input line 30.
LaTeX Font Info:    ... okay on input line 30.
LaTeX Font Info:    Checking defaults for OT1/cmr/m/n on input line 30.
LaTeX Font Info:    ... okay on input line 30.
LaTeX Font Info:    Checking defaults for T1/cmr/m/n on input line 30.
LaTeX Font Info:    ... okay on input line 30.
LaTeX Font Info:    Checking defaults for TS1/cmr/m/n on input line 30.
LaTeX Font Info:    ... okay on input line 30.
LaTeX Font Info:    Checking defaults for OMX/cmex/m/n on input line 30.
LaTeX Font Info:    ... okay on input line 30.
LaTeX Font Info:    Checking defaults for U/cmr/m/n on input line 30.
LaTeX Font Info:    ... okay on input line 30.
LaTeX Font Info:    Checking defaults for T2B/cmr/m/n on input line 30.
LaTeX Font Info:    ... okay on input line 30.
LaTeX Font Info:    Checking defaults for PD1/pdf/m/n on input line 30.
LaTeX Font Info:    ... okay on input line 30.
LaTeX Font Info:    Checking defaults for PU/pdf/m/n on input line 30.
LaTeX Font Info:    ... okay on input line 30.
LaTeX Info: Redefining \th on input line 30.
Package hyperref Info: Link coloring OFF on input line 30.
 (/usr/share/texlive/texmf-dist/tex/latex/hyperref/nameref.sty
Package: nameref 2021-04-02 v2.47 Cross-referencing by name of section

(/usr/share/texlive/texmf-dist/tex/latex/refcount/refcount.sty
Package: refcount 2019/12/15 v3.6 Data extraction from label references (HO)
)
(/usr/share/texlive/texmf-dist/tex/generic/gettitlestring/gettitlestring.sty
Package: gettitlestring 2019/12/15 v1.6 Cleanup title references (HO)
)
\c@section@level=\count299
)
LaTeX Info: Redefining \ref on input line 30.
LaTeX Info: Redefining \pageref on input line 30.
LaTeX Info: Redefining \nameref on input line 30.

(./report.out) (./report.out)
\@outlinefile=\write3
\openout3 = `report.out'.


(/usr/share/texlive/texmf-dist/tex/context/base/mkii/supp-pdf.mkii
[Loading MPS to PDF converter (version 2006.09.02).]
\scratchcounter=\count300
\scratchdimen=\dimen162
\scratchbox=\box58
\nofMPsegments=\count301
\nofMParguments=\count302
\everyMPshowfont=\toks28
\MPscratchCnt=\count303
\MPscratchDim=\dimen163
\MPnumerator=\count304
\makeMPintoPDFobject=\count305
\everyMPtoPDFconversion=\toks29
) (/usr/share/texlive/texmf-dist/tex/latex/epstopdf-pkg/epstopdf-base.sty
Package: epstopdf-base 2020-01-24 v2.11 Base part for package epstopdf
Package epstopdf-base Info: Redefining graphics rule for `.eps' on input line 4
85.

(/usr/share/texlive/texmf-dist/tex/latex/latexconfig/epstopdf-sys.cfg
File: epstopdf-sys.cfg 2010/07/13 v1.3 Configuration of (r)epstopdf for TeX Liv
e
))
\c@lstlisting=\count306

(./src/titlepage.tex
LaTeX Font Info:    Trying to load font information for U+msa on input line 30.

 (/usr/share/texlive/texmf-dist/tex/latex/amsfonts/umsa.fd
File: umsa.fd 2013/01/14 v3.01 AMS symbols A
)
LaTeX Font Info:    Trying to load font information for U+msb on input line 30.

(/usr/share/texlive/texmf-dist/tex/latex/amsfonts/umsb.fd
File: umsb.fd 2013/01/14 v3.01 AMS symbols B
) [1

{/usr/share/texlive/texmf-var/fonts/map/pdftex/updmap/pdftex.map}]) (./src/prob
lem.tex
Overfull \hbox (32.42508pt too wide) in paragraph at lines 16--16
\T2B/cmr/m/n/12 средства использовались и какие результаты были достигнуты на к
аждом шаге выполнени€
 []


Overfull \hbox (17.73917pt too wide) in paragraph at lines 16--16
\T2B/cmr/m/n/12 лабораторной работы. ¬ыводов о найденных недочЉтах. —равнение р
аботы исправленной
 []


Overfull \hbox (13.00972pt too wide) in paragraph at lines 16--16
\T2B/cmr/m/n/12 программы с предыдущей версией. ќбщих выводов о выполнении лабо
раторной работы,
 []


Overfull \hbox (26.3842pt too wide) in paragraph at lines 16--16
[]\T2B/cmr/m/n/12 ћинимальный набор используемых средств должен содержать утили
ту gprof и библиотеку
 []


Overfull \hbox (1.09946pt too wide) in paragraph at lines 16--16
\T2B/cmr/m/n/12 dmal-loc, однако их можно замен€ть на любые другие аналогичные 
или более развитые
 []

)pdfTeX warning (ext4): destination with the same identifier (name{page.1}) has
 been already used, duplicate ignored
<to be read again> 
                   \relax 
l.33 \input{src/problem}
                         [1] (./src/src.tex
Overfull \hbox (4.72984pt too wide) in paragraph at lines 3--6
\T2B/cmr/m/n/12 ”тилита \T2B/cmr/bx/n/12 gprof \T2B/cmr/m/n/12 позвол€ет измери
ть врем€ работы всех функций, методов и операторов
 []


Overfull \hbox (11.02069pt too wide) in paragraph at lines 7--8
[]\T2B/cmr/bx/n/12 Valgrind \T2B/cmr/m/n/12 ^^V инструментальное программное об
еспечение, предназначенное дл€ отладки
 []

[2]
LaTeX Font Info:    Trying to load font information for T2B+cmtt on input line 
12.
 (/usr/share/texlive/texmf-dist/tex/latex/cyrillic/t2bcmtt.fd
File: t2bcmtt.fd 2001/08/11 v1.0a Computer Modern Cyrillic font definitions
)
Overfull \hbox (88.02325pt too wide) in paragraph at lines 19--19
[]\T2B/cmtt/m/n/12 56.68      1.74     1.74 278281190     0.01     0.01  TAVlTr
ee::Height(TAVlTree::TNode*)[] 
 []


Overfull \hbox (544.8617pt too wide) in paragraph at lines 20--20
[]\T2B/cmtt/m/n/12 7.65      1.98     0.23  2000000     0.12     0.20  TAVlTree
::Find(TAVlTree::TNode*,std::__cxx11::basic_string<char,std::char_traits<char>,
std::allocator<char>>&)[] 
 []


Overfull \hbox (273.22803pt too wide) in paragraph at lines 21--21
[]\T2B/cmtt/m/n/12 4.23      2.10     0.13 40954849     0.00     0.00  __gnu_cx
x::__enable_if<std::__is_char<char>::__value,bool>::__type
 []


Overfull \hbox (705.3725pt too wide) in paragraph at lines 21--21
\T2B/cmtt/m/n/12 std::operator==<char>(std::__cxx11::basic_string<char,std::cha
r_traits<char>,std::allocator<char>>const&,std::__cxx11::basic_string<char,std:
:char_traits<char>,std::allocator<char>>const&)[] 
 []


Overfull \hbox (81.84976pt too wide) in paragraph at lines 22--22
[]\T2B/cmtt/m/n/12 4.07      2.23     0.12   608506     0.21     0.21  TAVlTree
::FindMin(TAVlTree::TNode*)[] 
 []


Overfull \hbox (81.84976pt too wide) in paragraph at lines 23--23
[]\T2B/cmtt/m/n/12 3.26      2.33     0.10 41281786     0.00     0.05  TAVlTree
::Balance(TAVlTree::TNode*)[] 
 []


Overfull \hbox (551.03519pt too wide) in paragraph at lines 24--24
[]\T2B/cmtt/m/n/12 2.93      2.42     0.09   999883     0.09     1.25  TAVlTree
::Erase(TAVlTree::TNode*,std::__cxx11::basic_string<char,std::char_traits<char>
,std::allocator<char>>&)[] 
 []


Overfull \hbox (81.84976pt too wide) in paragraph at lines 25--25
[]\T2B/cmtt/m/n/12 2.28      2.49     0.07 85032909     0.00     0.01  TAVlTree
::BFactor(TAVlTree::TNode*)[] 
 []


Overfull \hbox (94.19675pt too wide) in paragraph at lines 26--26
[]\T2B/cmtt/m/n/12 2.28      2.56     0.07 54107686     0.00     0.02  TAVlTree
::FixHeight(TAVlTree::TNode*)[] 
 []


Overfull \hbox (38.63531pt too wide) in paragraph at lines 27--27
[]\T2B/cmtt/m/n/12 2.28      2.63     0.07 54107686     0.00     0.00  int cons
t& std::max<int>(int
 []


Overfull \hbox (606.59662pt too wide) in paragraph at lines 28--28
[]\T2B/cmtt/m/n/12 2.28      2.70     0.07   999883     0.07     1.16  TAVlTree
::Insert(TAVlTree::TNode*,std::__cxx11::basic_string<char,std::char_traits<char
>,std::allocator<char>>&,unsigned
 []


Overfull \hbox (446.08582pt too wide) in paragraph at lines 30--30
[]\T2B/cmtt/m/n/12 1.30      2.81     0.04  2000000     0.02     0.23  TAVlTree
::Exist(std::__cxx11::basic_string<char,std::char_traits<char>,std::allocator<c
har>>&)[] 
 []


Overfull \hbox (1322.72174pt too wide) in paragraph at lines 32--32
[]\T2B/cmtt/m/n/12 0.98      2.88     0.03 40949980     0.00     0.00  bool std
::operator<<char,std::char_traits<char>,std::allocator<char>>(std::__cxx11::bas
ic_string<char,std::char_traits<char>,std::allocator<char>>const&,std::__cxx11:
:basic_string<char,std::char_traits<char>,std::allocator<char>>const&)[] 
 []


Overfull \hbox (637.46408pt too wide) in paragraph at lines 33--33
[]\T2B/cmtt/m/n/12 0.98      2.91     0.03 39927072     0.00     0.00  __gnu_cx
x::__normal_iterator<char*,std::__cxx11::basic_string<char,std::char_traits<cha
r>,std::allocator<char>>>::operator*()
 []


Overfull \hbox (88.02325pt too wide) in paragraph at lines 34--34
[]\T2B/cmtt/m/n/12 0.81      2.94     0.03 31209100     0.00     0.00  std::cha
r_traits<char>::compare(char
 []


Overfull \hbox (643.63757pt too wide) in paragraph at lines 35--35
[]\T2B/cmtt/m/n/12 0.65      2.96     0.02 39927072     0.00     0.00  __gnu_cx
x::__normal_iterator<char*,std::__cxx11::basic_string<char,std::char_traits<cha
r>,std::allocator<char>>>::operator++()[] 
 []


Overfull \hbox (106.54373pt too wide) in paragraph at lines 36--36
[]\T2B/cmtt/m/n/12 0.65      2.98     0.02  3200538     0.01     0.04  TAVlTree
::RotateRight(TAVlTree::TNode*)[] 
 []


Overfull \hbox (841.18933pt too wide) in paragraph at lines 37--37
[]\T2B/cmtt/m/n/12 0.49      2.99     0.01  3000000     0.01     0.01  bool std
::operator==<char,std::char_traits<char>,std::allocator<char>>(std::__cxx11::ba
sic_string<char,std::char_traits<char>,std::allocator<char>>const&,char
 []


Overfull \hbox (7.76785pt too wide) in paragraph at lines 38--38
[]\T2B/cmtt/m/n/12 0.49      3.00     0.01  1000000     0.01     0.01  std::pai
r<unsigned long
 []


Overfull \hbox (1322.72174pt too wide) in paragraph at lines 39--39
[]\T2B/cmtt/m/n/12 0.33      3.02     0.01 50519325     0.00     0.00  bool std
::operator><char,std::char_traits<char>,std::allocator<char>>(std::__cxx11::bas
ic_string<char,std::char_traits<char>,std::allocator<char>>const&,std::__cxx11:
:basic_string<char,std::char_traits<char>,std::allocator<char>>const&)[] 
 []


Overfull \hbox (606.59662pt too wide) in paragraph at lines 40--40
[]\T2B/cmtt/m/n/12 0.33      3.02     0.01 43927072     0.00     0.00  __gnu_cx
x::__normal_iterator<char*,std::__cxx11::basic_string<char,std::char_traits<cha
r>,std::allocator<char>>>::base()
 []


Overfull \hbox (100.37024pt too wide) in paragraph at lines 41--41
[]\T2B/cmtt/m/n/12 0.33      3.04     0.01  3212412     0.00     0.03  TAVlTree
::RotateLeft(TAVlTree::TNode*)[] 
 []


Overfull \hbox (2174.6637pt too wide) in paragraph at lines 42--42
[]\T2B/cmtt/m/n/12 0.33      3.04     0.01  1000000     0.01     0.04  __gnu_cx
x::__normal_iterator<char*,std::__cxx11::basic_string<char,std::char_traits<cha
r>,std::allocator<char>>>std::transform<__gnu_cxx::__normal_iterator<char*,std:
:__cxx11::basic_string<char,std::char_traits<char>,std::allocator<char>>>,__gnu
_cxx::__normal_iterator<char*,std::__cxx11::basic_string<char,std::char_traits<
char>,std::allocator<char>>>,main::lambda(unsigned
 []


Overfull \hbox (1822.77463pt too wide) in paragraph at lines 42--42
\T2B/cmtt/m/n/12 char)#2>(__gnu_cxx::__normal_iterator<char*,std::__cxx11::basi
c_string<char,std::char_traits<char>,std::allocator<char>>>,__gnu_cxx::__normal
_iterator<char*,std::__cxx11::basic_string<char,std::char_traits<char>,std::all
ocator<char>>>,__gnu_cxx::__normal_iterator<char*,std::__cxx11::basic_string<ch
ar,std::char_traits<char>,std::allocator<char>>>,main::lambda(unsigned
 []

[3]
Overfull \hbox (2174.6637pt too wide) in paragraph at lines 43--43
[]\T2B/cmtt/m/n/12 0.33      3.06     0.01  1000000     0.01     0.04  __gnu_cx
x::__normal_iterator<char*,std::__cxx11::basic_string<char,std::char_traits<cha
r>,std::allocator<char>>>std::transform<__gnu_cxx::__normal_iterator<char*,std:
:__cxx11::basic_string<char,std::char_traits<char>,std::allocator<char>>>,__gnu
_cxx::__normal_iterator<char*,std::__cxx11::basic_string<char,std::char_traits<
char>,std::allocator<char>>>,main::lambda(unsigned
 []


Overfull \hbox (1822.77463pt too wide) in paragraph at lines 43--43
\T2B/cmtt/m/n/12 char)#1>(__gnu_cxx::__normal_iterator<char*,std::__cxx11::basi
c_string<char,std::char_traits<char>,std::allocator<char>>>,__gnu_cxx::__normal
_iterator<char*,std::__cxx11::basic_string<char,std::char_traits<char>,std::all
ocator<char>>>,__gnu_cxx::__normal_iterator<char*,std::__cxx11::basic_string<ch
ar,std::char_traits<char>,std::allocator<char>>>,main::lambda(unsigned
 []


Overfull \hbox (538.6882pt too wide) in paragraph at lines 44--44
[]\T2B/cmtt/m/n/12 0.33      3.06     0.01   999883     0.01     0.01  TAVlTree
::TNode::TNode(std::__cxx11::basic_string<char,std::char_traits<char>,std::allo
cator<char>>&,unsigned
 []


Overfull \hbox (192.97263pt too wide) in paragraph at lines 45--45
[]\T2B/cmtt/m/n/12 0.16      3.07     0.01                             std::ope
rator|(std::_Ios_Openmode,std::_Ios_Openmode)[] 
 []


Overfull \hbox (50.9823pt too wide) in paragraph at lines 46--46
[]\T2B/cmtt/m/n/12 0.00      3.07     0.00 31209100     0.00     0.00  std::__i
s_constant_evaluated()[] 
 []


Overfull \hbox (2020.32639pt too wide) in paragraph at lines 47--47
[]\T2B/cmtt/m/n/12 0.00      3.07     0.00 21963536     0.00     0.00  bool __g
nu_cxx::operator!=<char*,std::__cxx11::basic_string<char,std::char_traits<char>
,std::allocator<char>>>(__gnu_cxx::__normal_iterator<char*,std::__cxx11::basic_
string<char,std::char_traits<char>,std::allocator<char>>>const&,__gnu_cxx::__no
rmal_iterator<char*,std::__cxx11::basic_string<char,std::char_traits<char>,std:
:allocator<char>>>const&)[] 
 []


Overfull \hbox (174.45215pt too wide) in paragraph at lines 48--48
[]\T2B/cmtt/m/n/12 0.00      3.07     0.00  9981768     0.00     0.00  main::la
mbda(unsigned char)#2::operator()(unsigned
 []


Overfull \hbox (174.45215pt too wide) in paragraph at lines 49--49
[]\T2B/cmtt/m/n/12 0.00      3.07     0.00  9981768     0.00     0.00  main::la
mbda(unsigned char)#1::operator()(unsigned
 []


Overfull \hbox (242.36057pt too wide) in paragraph at lines 50--50
[]\T2B/cmtt/m/n/12 0.00      3.07     0.00  2000000     0.00     0.00  bool&& s
td::forward<bool>(std::remove_reference<bool>::type&)[] 
 []


Overfull \hbox (7.76785pt too wide) in paragraph at lines 51--51
[]\T2B/cmtt/m/n/12 0.00      3.07     0.00  1000000     0.00     0.00  std::pai
r<unsigned long
 []


Overfull \hbox (7.76785pt too wide) in paragraph at lines 51--51
\T2B/cmtt/m/n/12 long,bool>::pair<unsigned long long&,bool,true>(unsigned long 
long&,bool&&)[] 
 []


Overfull \hbox (118.89072pt too wide) in paragraph at lines 52--52
[]\T2B/cmtt/m/n/12 0.00      3.07     0.00  1000000     0.00     0.00  unsigned
 long long& std::forward<unsigned
 []


Overfull \hbox (223.84009pt too wide) in paragraph at lines 53--53
[]\T2B/cmtt/m/n/12 0.00      3.07     0.00  1000000     0.00     0.00  int&& st
d::forward<int>(std::remove_reference<int>::type&)[] 
 []


Overfull \hbox (446.08582pt too wide) in paragraph at lines 54--54
[]\T2B/cmtt/m/n/12 0.00      3.07     0.00   999883     0.00     1.25  TAVlTree
::Erase(std::__cxx11::basic_string<char,std::char_traits<char>,std::allocator<c
har>>&)[] 
 []


Overfull \hbox (20.11484pt too wide) in paragraph at lines 55--55
[]\T2B/cmtt/m/n/12 0.00      3.07     0.00   999883     0.00     0.00  TAVlTree
::TNode::~TNode()[] 
 []


Overfull \hbox (501.64725pt too wide) in paragraph at lines 56--56
[]\T2B/cmtt/m/n/12 0.00      3.07     0.00   999883     0.00     1.16  TAVlTree
::Insert(std::__cxx11::basic_string<char,std::char_traits<char>,std::allocator<
char>>&,unsigned
 []


Overfull \hbox (94.19675pt too wide) in paragraph at lines 57--57
[]\T2B/cmtt/m/n/12 0.00      3.07     0.00   608506     0.00     0.06  TAVlTree
::RemoveMin(TAVlTree::TNode*)[] 
 []


Overfull \hbox (174.45215pt too wide) in paragraph at lines 58--58
[]\T2B/cmtt/m/n/12 0.00      3.07     0.00        1     0.00     0.00  __static
_initialization_and_destruction_0(int,int)[] 
 []


Overfull \hbox (88.02325pt too wide) in paragraph at lines 59--59
[]\T2B/cmtt/m/n/12 0.00      3.07     0.00        1     0.00     0.00  TAVlTree
::Destroy(TAVlTree::TNode*&)[] 
 []


Overfull \hbox (7.76785pt too wide) in paragraph at lines 64--64
[]\T2B/cmtt/m/n/12 [alex@fedora lab3]$ valgrind --leak-check=full --leak-resolu
tion=med ./lab2
 []


Overfull \hbox (13.94135pt too wide) in paragraph at lines 67--67
[]\T2B/cmtt/m/n/12 ==23306== Using Valgrind-3.20.0 and LibVEX; rerun with -h fo
r copyright info[] 
 []

[4]
Overfull \hbox (26.28833pt too wide) in paragraph at lines 81--81
[]\T2B/cmtt/m/n/12 ==23306==   total heap usage: 1,004 allocs,1,000 frees,171,3
36 bytes allocated[] 
 []


Overfull \hbox (26.28833pt too wide) in paragraph at lines 89--89
[]\T2B/cmtt/m/n/12 ==23306== Reachable blocks (those to which a pointer was fou
nd) are not shown.[] 
 []

[5]
Overfull \hbox (16.59918pt too wide) in paragraph at lines 99--101
\T2B/cmr/m/n/12 получение высоты ноды(он и занимает наибольшее количество време
ни). из интересного,
 []


Overfull \hbox (13.70674pt too wide) in paragraph at lines 103--104
[]\T2B/cmr/m/n/12 »з вывода утилиты \T2B/cmr/bx/n/12 val-grind\T2B/cmr/m/n/12 ,
 можно сделать вывод, что программа работает корректно,
 []

) (./src/thinks.tex) (./src/literature.tex [6]
Underfull \hbox (badness 10000) in paragraph at lines 6--7
\T2B/cmr/m/n/12 URL: \T2B/cmtt/m/n/12 https://neerc.ifmo.ru/wiki/index.php?titl
e=ј¬Ћ-дерево \T2B/cmr/m/n/12 (дата
 []

) [7] (./report.aux)
Package rerunfilecheck Info: File `report.out' has not changed.
(rerunfilecheck)             Checksum: 63CFA5F0DDA3FFC2A77C40E9E4332023;500.
 ) 
Here is how much of TeX's memory you used:
 13733 strings out of 480852
 193007 string characters out of 5906874
 710513 words of memory out of 6000000
 30825 multiletter control sequences out of 15000+600000
 412961 words of font info for 52 fonts, out of 8000000 for 9000
 14 hyphenation exceptions out of 8191
 75i,7n,77p,911b,538s stack positions out of 5000i,500n,10000p,200000b,80000s
{/usr/share/texlive/texmf-dist/fonts/enc/dvips/cm-super/cm-super-t2b.enc}</us
r/share/texlive/texmf-dist/fonts/type1/public/cm-super/sfbx1200.pfb></usr/share
/texlive/texmf-dist/fonts/type1/public/cm-super/sfbx1440.pfb></usr/share/texliv
e/texmf-dist/fonts/type1/public/cm-super/sfbx1728.pfb></usr/share/texlive/texmf
-dist/fonts/type1/public/cm-super/sfrm1200.pfb></usr/share/texlive/texmf-dist/f
onts/type1/public/cm-super/sfti1200.pfb></usr/share/texlive/texmf-dist/fonts/ty
pe1/public/cm-super/sftt1200.pfb>
Output written on report.pdf (8 pages, 158607 bytes).
PDF statistics:
 91 PDF objects out of 1000 (max. 8388607)
 74 compressed objects within 1 object stream
 16 named destinations out of 1000 (max. 500000)
 33 words of extra memory for PDF output out of 10000 (max. 10000000)

